DEPRECATION WARNING: `Module#parent` has been renamed to `module_parent`. `parent` is deprecated and will be removed in Rails 6.1. (called from <main> at bin/rails:4)
DEPRECATION WARNING: `Module#parent` has been renamed to `module_parent`. `parent` is deprecated and will be removed in Rails 6.1. (called from <main> at bin/rails:4)
DEPRECATION WARNING: `Module#parent` has been renamed to `module_parent`. `parent` is deprecated and will be removed in Rails 6.1. (called from <main> at bin/rails:4)
Started GET "/" for ::1 at 2021-04-08 14:59:20 +0530
Processing by Rails::WelcomeController#index as HTML
  Rendering /home/rails/.rvm/gems/ruby-2.7.0/gems/railties-6.0.3.6/lib/rails/templates/rails/welcome/index.html.erb
  Rendered /home/rails/.rvm/gems/ruby-2.7.0/gems/railties-6.0.3.6/lib/rails/templates/rails/welcome/index.html.erb (Duration: 8.4ms | Allocations: 403)
Completed 200 OK in 21ms (Views: 13.6ms | MongoDB: 0.0ms | Allocations: 2319)


DEPRECATION WARNING: Using `bin/rake routes` is deprecated and will be removed in Rails 6.1. Use `bin/rails routes` instead.
 (called from load at /home/rails/.rvm/gems/ruby-2.7.0/bin/rake:23)
DEPRECATION WARNING: Using `bin/rake routes` is deprecated and will be removed in Rails 6.1. Use `bin/rails routes` instead.
 (called from load at /home/rails/.rvm/gems/ruby-2.7.0/bin/rake:23)
DEPRECATION WARNING: Using `bin/rake routes` is deprecated and will be removed in Rails 6.1. Use `bin/rails routes` instead.
 (called from load at /home/rails/.rvm/gems/ruby-2.7.0/bin/rake:23)
DEPRECATION WARNING: Using `bin/rake routes` is deprecated and will be removed in Rails 6.1. Use `bin/rails routes` instead.
 (called from load at /home/rails/.rvm/gems/ruby-2.7.0/bin/rake:23)
Started GET "/api/users" for ::1 at 2021-04-08 15:28:12 +0530
Processing by Api::UsersController#index as */*
No template found for Api::UsersController#index, rendering head :no_content
Completed 204 No Content in 48112ms (MongoDB: 0.0ms | Allocations: 462138)


Started GET "/api/users" for ::1 at 2021-04-08 15:29:07 +0530
Processing by Api::UsersController#index as */*
Completed 200 OK in 9ms (Views: 0.2ms | MongoDB: 0.0ms | Allocations: 4800)


Started GET "/api/user/606ed0e84d003d40ffe6d2ef" for ::1 at 2021-04-08 15:31:53 +0530
Processing by Api::UsersController#show as */*
  Parameters: {"id"=>"606ed0e84d003d40ffe6d2ef"}
Completed 200 OK in 5ms (Views: 0.1ms | MongoDB: 0.0ms | Allocations: 4000)


Started POST "/api/user?=&=&=" for ::1 at 2021-04-08 15:36:55 +0530
Processing by Api::UsersController#create as */*
  Parameters: {"user"=>{"firstName"=>"test-first-name", "lastName"=>"test-last-name", "email"=>"test@test.com"}}
Can't verify CSRF token authenticity.
Completed 422 Unprocessable Entity in 0ms (MongoDB: 0.0ms | Allocations: 380)


  
ActionController::InvalidAuthenticityToken (ActionController::InvalidAuthenticityToken):
  
actionpack (6.0.3.6) lib/action_controller/metal/request_forgery_protection.rb:215:in `handle_unverified_request'
actionpack (6.0.3.6) lib/action_controller/metal/request_forgery_protection.rb:247:in `handle_unverified_request'
actionpack (6.0.3.6) lib/action_controller/metal/request_forgery_protection.rb:242:in `verify_authenticity_token'
activesupport (6.0.3.6) lib/active_support/callbacks.rb:428:in `block in make_lambda'
activesupport (6.0.3.6) lib/active_support/callbacks.rb:200:in `block (2 levels) in halting'
actionpack (6.0.3.6) lib/abstract_controller/callbacks.rb:34:in `block (2 levels) in <module:Callbacks>'
activesupport (6.0.3.6) lib/active_support/callbacks.rb:201:in `block in halting'
activesupport (6.0.3.6) lib/active_support/callbacks.rb:513:in `block in invoke_before'
activesupport (6.0.3.6) lib/active_support/callbacks.rb:513:in `each'
activesupport (6.0.3.6) lib/active_support/callbacks.rb:513:in `invoke_before'
activesupport (6.0.3.6) lib/active_support/callbacks.rb:134:in `run_callbacks'
actionpack (6.0.3.6) lib/abstract_controller/callbacks.rb:41:in `process_action'
actionpack (6.0.3.6) lib/action_controller/metal/rescue.rb:22:in `process_action'
actionpack (6.0.3.6) lib/action_controller/metal/instrumentation.rb:33:in `block in process_action'
activesupport (6.0.3.6) lib/active_support/notifications.rb:180:in `block in instrument'
activesupport (6.0.3.6) lib/active_support/notifications/instrumenter.rb:24:in `instrument'
activesupport (6.0.3.6) lib/active_support/notifications.rb:180:in `instrument'
actionpack (6.0.3.6) lib/action_controller/metal/instrumentation.rb:32:in `process_action'
actionpack (6.0.3.6) lib/action_controller/metal/params_wrapper.rb:245:in `process_action'
mongoid (7.0.12) lib/mongoid/railties/controller_runtime.rb:19:in `process_action'
actionpack (6.0.3.6) lib/abstract_controller/base.rb:136:in `process'
actionview (6.0.3.6) lib/action_view/rendering.rb:39:in `process'
actionpack (6.0.3.6) lib/action_controller/metal.rb:190:in `dispatch'
actionpack (6.0.3.6) lib/action_controller/metal.rb:254:in `dispatch'
actionpack (6.0.3.6) lib/action_dispatch/routing/route_set.rb:50:in `dispatch'
actionpack (6.0.3.6) lib/action_dispatch/routing/route_set.rb:33:in `serve'
actionpack (6.0.3.6) lib/action_dispatch/journey/router.rb:49:in `block in serve'
actionpack (6.0.3.6) lib/action_dispatch/journey/router.rb:32:in `each'
actionpack (6.0.3.6) lib/action_dispatch/journey/router.rb:32:in `serve'
actionpack (6.0.3.6) lib/action_dispatch/routing/route_set.rb:834:in `call'
rack (2.2.3) lib/rack/tempfile_reaper.rb:15:in `call'
rack (2.2.3) lib/rack/etag.rb:27:in `call'
rack (2.2.3) lib/rack/conditional_get.rb:40:in `call'
rack (2.2.3) lib/rack/head.rb:12:in `call'
actionpack (6.0.3.6) lib/action_dispatch/http/content_security_policy.rb:18:in `call'
rack (2.2.3) lib/rack/session/abstract/id.rb:266:in `context'
rack (2.2.3) lib/rack/session/abstract/id.rb:260:in `call'
actionpack (6.0.3.6) lib/action_dispatch/middleware/cookies.rb:648:in `call'
actionpack (6.0.3.6) lib/action_dispatch/middleware/callbacks.rb:27:in `block in call'
activesupport (6.0.3.6) lib/active_support/callbacks.rb:101:in `run_callbacks'
actionpack (6.0.3.6) lib/action_dispatch/middleware/callbacks.rb:26:in `call'
actionpack (6.0.3.6) lib/action_dispatch/middleware/executor.rb:14:in `call'
actionpack (6.0.3.6) lib/action_dispatch/middleware/actionable_exceptions.rb:18:in `call'
actionpack (6.0.3.6) lib/action_dispatch/middleware/debug_exceptions.rb:32:in `call'
web-console (4.1.0) lib/web_console/middleware.rb:132:in `call_app'
web-console (4.1.0) lib/web_console/middleware.rb:28:in `block in call'
web-console (4.1.0) lib/web_console/middleware.rb:17:in `catch'
web-console (4.1.0) lib/web_console/middleware.rb:17:in `call'
actionpack (6.0.3.6) lib/action_dispatch/middleware/show_exceptions.rb:33:in `call'
railties (6.0.3.6) lib/rails/rack/logger.rb:37:in `call_app'
railties (6.0.3.6) lib/rails/rack/logger.rb:26:in `block in call'
activesupport (6.0.3.6) lib/active_support/tagged_logging.rb:80:in `block in tagged'
activesupport (6.0.3.6) lib/active_support/tagged_logging.rb:28:in `tagged'
activesupport (6.0.3.6) lib/active_support/tagged_logging.rb:80:in `tagged'
railties (6.0.3.6) lib/rails/rack/logger.rb:26:in `call'
sprockets-rails (3.2.2) lib/sprockets/rails/quiet_assets.rb:13:in `call'
actionpack (6.0.3.6) lib/action_dispatch/middleware/remote_ip.rb:81:in `call'
actionpack (6.0.3.6) lib/action_dispatch/middleware/request_id.rb:27:in `call'
rack (2.2.3) lib/rack/method_override.rb:24:in `call'
rack (2.2.3) lib/rack/runtime.rb:22:in `call'
activesupport (6.0.3.6) lib/active_support/cache/strategy/local_cache_middleware.rb:29:in `call'
actionpack (6.0.3.6) lib/action_dispatch/middleware/executor.rb:14:in `call'
actionpack (6.0.3.6) lib/action_dispatch/middleware/static.rb:126:in `call'
rack (2.2.3) lib/rack/sendfile.rb:110:in `call'
actionpack (6.0.3.6) lib/action_dispatch/middleware/host_authorization.rb:82:in `call'
webpacker (4.3.0) lib/webpacker/dev_server_proxy.rb:23:in `perform_request'
rack-proxy (0.6.5) lib/rack/proxy.rb:57:in `call'
railties (6.0.3.6) lib/rails/engine.rb:527:in `call'
puma (4.3.7) lib/puma/configuration.rb:228:in `call'
puma (4.3.7) lib/puma/server.rb:713:in `handle_request'
puma (4.3.7) lib/puma/server.rb:472:in `process_client'
puma (4.3.7) lib/puma/server.rb:328:in `block in run'
puma (4.3.7) lib/puma/thread_pool.rb:134:in `block in spawn_thread'
Started POST "/api/user?=&=&=" for ::1 at 2021-04-08 15:38:19 +0530
  
NoMethodError (undefined method `skip_before_filter' for Api::UsersController:Class
Did you mean?  skip_before_action):
  
app/controllers/api/users_controller.rb:2:in `<class:UsersController>'
app/controllers/api/users_controller.rb:1:in `<main>'
Started POST "/api/user?=&=&=" for ::1 at 2021-04-08 15:38:42 +0530
Processing by Api::UsersController#create as */*
  Parameters: {"user"=>{"firstName"=>"test-first-name", "lastName"=>"test-last-name", "email"=>"test@test.com"}}
Completed 200 OK in 12ms (Views: 0.1ms | MongoDB: 0.0ms | Allocations: 3681)


Started POST "/api/user?=&=&=" for ::1 at 2021-04-08 15:39:41 +0530
Processing by Api::UsersController#create as */*
  Parameters: {"user"=>{"firstName"=>"test-first-name", "lastName"=>"test-last-name", "email"=>"test@test.com"}}
Completed 200 OK in 5ms (Views: 0.3ms | MongoDB: 0.0ms | Allocations: 1526)


Started PUT "/api/user/606ed0e84d003d40ffe6d2ef" for ::1 at 2021-04-08 15:42:58 +0530
Processing by Api::UsersController#update as */*
  Parameters: {"user"=>{"firstName"=>"updated-first-name", "lastName"=>"updated-last-name", "email"=>"test@test.com"}, "id"=>"606ed0e84d003d40ffe6d2ef"}
Completed 200 OK in 6ms (Views: 0.2ms | MongoDB: 0.0ms | Allocations: 3901)


Started DELETE "/api/user/606ed6654d003d4922333601" for ::1 at 2021-04-08 15:45:40 +0530
Processing by Api::UsersController#destroy as */*
  Parameters: {"id"=>"606ed6654d003d4922333601"}
Completed 200 OK in 7ms (Views: 0.1ms | MongoDB: 0.0ms | Allocations: 4916)


Started GET "/api/typeahead/iss" for ::1 at 2021-04-08 16:17:39 +0530
  
ArgumentError (Missing :action key on routes definition, please check your routes.):
  
config/routes.rb:7:in `block (2 levels) in <main>'
config/routes.rb:4:in `block in <main>'
config/routes.rb:1:in `<main>'
Started GET "/api/typeahead/iss" for ::1 at 2021-04-08 16:18:22 +0530
Processing by Api::UsersController#typeahead as */*
  Parameters: {"input"=>"iss"}
Completed 200 OK in 36ms (Views: 0.2ms | MongoDB: 0.0ms | Allocations: 8057)


Started GET "/api/typeahead/iss" for ::1 at 2021-04-08 16:18:36 +0530
Processing by Api::UsersController#typeahead as */*
  Parameters: {"input"=>"iss"}
Completed 200 OK in 305636ms (Views: 0.8ms | MongoDB: 0.3ms | Allocations: 2306412)


Started GET "/api/typeahead/iss" for ::1 at 2021-04-08 16:23:46 +0530
Processing by Api::UsersController#typeahead as */*
  Parameters: {"input"=>"iss"}
Completed 200 OK in 7ms (Views: 0.2ms | MongoDB: 0.0ms | Allocations: 4137)


Started GET "/api/typeahead/phy" for ::1 at 2021-04-08 16:23:54 +0530
Processing by Api::UsersController#typeahead as */*
  Parameters: {"input"=>"phy"}
Completed 200 OK in 2ms (Views: 0.2ms | MongoDB: 0.0ms | Allocations: 1681)


Started GET "/api/typeahead/new" for ::1 at 2021-04-08 16:24:02 +0530
Processing by Api::UsersController#typeahead as */*
  Parameters: {"input"=>"new"}
Completed 200 OK in 3ms (Views: 0.2ms | MongoDB: 0.0ms | Allocations: 1424)


Started GET "/api/typeahead/ty" for ::1 at 2021-04-08 16:24:07 +0530
Processing by Api::UsersController#typeahead as */*
  Parameters: {"input"=>"ty"}
Completed 200 OK in 3ms (Views: 0.2ms | MongoDB: 0.0ms | Allocations: 1947)


Started GET "/api/typeahead/ty" for ::1 at 2021-04-08 16:35:10 +0530
Processing by Api::UsersController#typeahead as */*
  Parameters: {"input"=>"ty"}
Completed 200 OK in 33ms (Views: 0.8ms | MongoDB: 0.0ms | Allocations: 8675)


Started GET "/api/user/5" for ::1 at 2021-04-08 16:35:36 +0530
Processing by Api::UsersController#show as */*
  Parameters: {"id"=>"5"}
Completed 404 Not Found in 4ms (MongoDB: 0.0ms | Allocations: 3608)


  
Mongoid::Errors::DocumentNotFound (
message:
  Document(s) not found for class User with id(s) 5.
summary:
  When calling User.find with an id or array of ids, each parameter must match a document in the database or this error will be raised. The search was for the id(s): 5 ... (1 total) and the following ids were not found: 5.
resolution:
  Search for an id that is in the database or set the Mongoid.raise_not_found_error configuration option to false, which will cause a nil to be returned instead of raising this error when searching for a single id, or only the matched documents when searching for multiples.):
  
app/controllers/api/users_controller.rb:53:in `set_user'
Started GET "/api/user/5" for ::1 at 2021-04-08 16:36:32 +0530
Processing by Api::UsersController#show as */*
  Parameters: {"id"=>"5"}
Completed 404 Not Found in 67447ms (MongoDB: 0.1ms | Allocations: 1093287)


  
Mongoid::Errors::DocumentNotFound (
message:
  Document(s) not found for class User with id(s) 5.
summary:
  When calling User.find with an id or array of ids, each parameter must match a document in the database or this error will be raised. The search was for the id(s): 5 ... (1 total) and the following ids were not found: 5.
resolution:
  Search for an id that is in the database or set the Mongoid.raise_not_found_error configuration option to false, which will cause a nil to be returned instead of raising this error when searching for a single id, or only the matched documents when searching for multiples.):
  
app/controllers/api/users_controller.rb:54:in `set_user'
Started GET "/api/user/5" for ::1 at 2021-04-08 16:37:45 +0530
Processing by Api::UsersController#show as */*
  Parameters: {"id"=>"5"}
Completed 500 Internal Server Error in 10ms (MongoDB: 0.0ms | Allocations: 5471)


  
NoMethodError (undefined method `find_by_id' for User:Class
Did you mean?  find_by
               find_by!):
  
app/controllers/api/users_controller.rb:53:in `set_user'
Started GET "/api/user/500" for ::1 at 2021-04-08 16:38:02 +0530
Processing by Api::UsersController#show as */*
  Parameters: {"id"=>"500"}
Completed 404 Not Found in 6ms (MongoDB: 0.0ms | Allocations: 4310)


  
Mongoid::Errors::DocumentNotFound (
message:
  Document(s) not found for class User with id(s) 500.
summary:
  When calling User.find with an id or array of ids, each parameter must match a document in the database or this error will be raised. The search was for the id(s): 500 ... (1 total) and the following ids were not found: 500.
resolution:
  Search for an id that is in the database or set the Mongoid.raise_not_found_error configuration option to false, which will cause a nil to be returned instead of raising this error when searching for a single id, or only the matched documents when searching for multiples.):
  
app/controllers/api/users_controller.rb:53:in `set_user'
Started GET "/api/user/500" for ::1 at 2021-04-08 16:39:53 +0530
Processing by Api::UsersController#show as */*
  Parameters: {"id"=>"500"}
Completed 404 Not Found in 7ms (MongoDB: 0.0ms | Allocations: 4662)


  
Mongoid::Errors::DocumentNotFound (
message:
  Document not found for class User with attributes {:id=>500}.
summary:
  When calling User.find_by with a hash of attributes, all attributes provided must match a document in the database or this error will be raised.
resolution:
  Search for attributes that are in the database or set the Mongoid.raise_not_found_error configuration option to false, which will cause a nil to be returned instead of raising this error.):
  
app/controllers/api/users_controller.rb:53:in `set_user'
Started GET "/api/user/500" for ::1 at 2021-04-08 16:40:42 +0530
Processing by Api::UsersController#show as */*
  Parameters: {"id"=>"500"}
Completed 404 Not Found in 5ms (MongoDB: 0.0ms | Allocations: 4230)


  
Mongoid::Errors::DocumentNotFound (
message:
  Document not found for class User with attributes {:_id=>500}.
summary:
  When calling User.find_by with a hash of attributes, all attributes provided must match a document in the database or this error will be raised.
resolution:
  Search for attributes that are in the database or set the Mongoid.raise_not_found_error configuration option to false, which will cause a nil to be returned instead of raising this error.):
  
app/controllers/api/users_controller.rb:53:in `set_user'
Started GET "/api/user/500" for ::1 at 2021-04-08 16:41:34 +0530
Processing by Api::UsersController#show as */*
  Parameters: {"id"=>"500"}
Completed 404 Not Found in 38ms (MongoDB: 0.0ms | Allocations: 10779)


  
Mongoid::Errors::DocumentNotFound (
message:
  Document(s) not found for class User with id(s) 500.
summary:
  When calling User.find with an id or array of ids, each parameter must match a document in the database or this error will be raised. The search was for the id(s): 500 ... (1 total) and the following ids were not found: 500.
resolution:
  Search for an id that is in the database or set the Mongoid.raise_not_found_error configuration option to false, which will cause a nil to be returned instead of raising this error when searching for a single id, or only the matched documents when searching for multiples.):
  
app/controllers/api/users_controller.rb:53:in `set_user'
Started GET "/api/user/500" for ::1 at 2021-04-08 16:42:54 +0530
Processing by Api::UsersController#show as */*
  Parameters: {"id"=>"500"}
Completed 200 OK in 34ms (Views: 0.3ms | MongoDB: 0.0ms | Allocations: 8395)


Started GET "/api/user/5" for ::1 at 2021-04-08 16:43:06 +0530
Processing by Api::UsersController#show as */*
  Parameters: {"id"=>"5"}
Completed 200 OK in 3ms (Views: 0.2ms | MongoDB: 0.0ms | Allocations: 1769)


Started GET "/api/user/500" for ::1 at 2021-04-08 16:43:49 +0530
Processing by Api::UsersController#show as */*
  Parameters: {"id"=>"500"}
Completed 500 Internal Server Error in 7ms (MongoDB: 0.0ms | Allocations: 5288)


  
NoMethodError (undefined method `present' for nil:NilClass
Did you mean?  present?
               presence):
  
app/controllers/api/users_controller.rb:12:in `show'
Started GET "/api/user/500" for ::1 at 2021-04-08 16:44:00 +0530
Processing by Api::UsersController#show as */*
  Parameters: {"id"=>"500"}
Completed 200 OK in 8ms (Views: 0.2ms | MongoDB: 0.0ms | Allocations: 4074)


Started GET "/api/user/5" for ::1 at 2021-04-08 16:44:06 +0530
Processing by Api::UsersController#show as */*
  Parameters: {"id"=>"5"}
Completed 200 OK in 3ms (Views: 0.2ms | MongoDB: 0.0ms | Allocations: 1754)


Started GET "/api/user/1" for ::1 at 2021-04-08 16:44:14 +0530
Processing by Api::UsersController#show as */*
  Parameters: {"id"=>"1"}
Completed 200 OK in 3ms (Views: 0.2ms | MongoDB: 0.0ms | Allocations: 1633)


Started POST "/api/user" for ::1 at 2021-04-08 16:44:32 +0530
Processing by Api::UsersController#create as */*
  Parameters: {"user"=>{"firstName"=>"test-first-name1", "lastName"=>"test-last-name", "email"=>"test@test.com"}}
Completed 200 OK in 6ms (Views: 0.2ms | MongoDB: 0.0ms | Allocations: 1722)


Started GET "/api/typeahead/ty" for ::1 at 2021-04-08 16:44:44 +0530
Processing by Api::UsersController#typeahead as */*
  Parameters: {"input"=>"ty"}
Completed 200 OK in 3ms (Views: 0.3ms | MongoDB: 0.0ms | Allocations: 1911)


Started GET "/api/users" for ::1 at 2021-06-25 14:56:18 +0530
Processing by Api::UsersController#index as */*
Completed 500 Internal Server Error in 61016ms (MongoDB: 0.0ms | Allocations: 35348)


  
Mongo::Error::NoServerAvailable (No primary server is available in cluster: #<Cluster topology=Unknown[localhost:27017] servers=[#<Server address=localhost:27017 UNKNOWN>]> with timeout=30, LT=0.015):
  
app/controllers/api/users_controller.rb:8:in `to_a'
app/controllers/api/users_controller.rb:8:in `index'
Started GET "/api/users" for ::1 at 2021-06-25 14:58:26 +0530
Processing by Api::UsersController#index as */*
Completed 200 OK in 5ms (Views: 0.5ms | MongoDB: 0.0ms | Allocations: 3251)


Started GET "/api/user/1" for ::1 at 2021-06-25 14:58:47 +0530
Processing by Api::UsersController#show as */*
  Parameters: {"id"=>"1"}
Completed 200 OK in 3ms (Views: 0.2ms | MongoDB: 0.0ms | Allocations: 1245)


Started GET "/api/user/5" for ::1 at 2021-06-25 14:58:56 +0530
Processing by Api::UsersController#show as */*
  Parameters: {"id"=>"5"}
Completed 200 OK in 3ms (Views: 0.2ms | MongoDB: 0.0ms | Allocations: 1721)


Started GET "/api/user/5" for ::1 at 2021-06-25 14:59:17 +0530
Processing by Api::UsersController#show as */*
  Parameters: {"id"=>"5"}
Completed 200 OK in 22671ms (Views: 0.2ms | MongoDB: 0.0ms | Allocations: 52302)


Started GET "/api/user/1" for ::1 at 2021-06-25 14:59:47 +0530
Processing by Api::UsersController#show as */*
  Parameters: {"id"=>"1"}
Completed 200 OK in 6ms (Views: 0.2ms | MongoDB: 0.0ms | Allocations: 4364)


Started GET "/api/user/1" for ::1 at 2021-06-25 15:00:09 +0530
Processing by Api::UsersController#show as */*
  Parameters: {"id"=>"1"}
Completed 200 OK in 6ms (Views: 0.1ms | MongoDB: 0.0ms | Allocations: 4366)


Started GET "/api/user/5" for ::1 at 2021-06-25 15:00:14 +0530
Processing by Api::UsersController#show as */*
  Parameters: {"id"=>"5"}
Completed 200 OK in 3ms (Views: 0.2ms | MongoDB: 0.0ms | Allocations: 1744)


Started GET "/api/typeahead/ty" for ::1 at 2021-06-25 15:01:03 +0530
Processing by Api::UsersController#typeahead as */*
  Parameters: {"input"=>"ty"}
Completed 200 OK in 2ms (Views: 0.1ms | MongoDB: 0.0ms | Allocations: 1913)


